amaps/RMaps.Free/build/outputs/logs/manifest-merger-debug-report.txt
-- Merging decision tree log ---
manifest
ADDED from amaps\RMaps.Free\AndroidManifest.xml:2:1-413:12
INJECTED from amaps\RMaps.Free\AndroidManifest.xml:2:1-413:12
INJECTED from amaps\RMaps.Free\AndroidManifest.xml:2:1-413:12
INJECTED from amaps\RMaps.Free\AndroidManifest.xml:2:1-413:12
MERGED from [:RMaps.AppLib] AndroidManifest.xml:2:1-130:12
MERGED from [:sliding_menu_lib:] AndroidManifest.xml:2:1-11:12
MERGED from [com.android.support.constraint:constraint-layout:1.1.3] AndroidManifest.xml:2:1-11:12
MERGED from [org.tensorflow:tensorflow-android:1.13.1] AndroidManifest.xml:2:1-8:12
MERGED from [com.github.zzz40500:android-shapeLoadingView:1.0.3.2] AndroidManifest.xml:2:1-11:12
MERGED from [io.reactivex.rxjava2:rxandroid:2.0.1] AndroidManifest.xml:15:1-21:12
MERGED from [io.reactivex:rxandroid:1.2.1] AndroidManifest.xml:15:1-21:12
MERGED from [org.tensorflow:tensorflow-lite:0.0.0-nightly] AndroidManifest.xml:2:1-12:12
MERGED from [com.android.support:appcompat-v7:27.0.0] AndroidManifest.xml:17:1-22:12
MERGED from [com.android.support:multidex:1.0.3] AndroidManifest.xml:17:1-22:12
MERGED from [com.android.support:support-fragment:27.0.0] AndroidManifest.xml:17:1-22:12
MERGED from [com.android.support:support-core-utils:27.0.0] AndroidManifest.xml:17:1-22:12
MERGED from [com.android.support:animated-vector-drawable:27.0.0] AndroidManifest.xml:17:1-22:12
MERGED from [com.android.support:support-vector-drawable:27.0.0] AndroidManifest.xml:17:1-22:12
MERGED from [com.android.support:support-core-ui:27.0.0] AndroidManifest.xml:17:1-22:12
MERGED from [com.android.support:support-compat:27.0.0] AndroidManifest.xml:17:1-22:12
MERGED from [android.arch.lifecycle:runtime:1.0.0] AndroidManifest.xml:17:1-30:12
INJECTED from amaps\RMaps.Free\AndroidManifest.xml:2:1-413:12
INJECTED from amaps\RMaps.Free\AndroidManifest.xml:2:1-413:12
INJECTED from amaps\RMaps.Free\AndroidManifest.xml:2:1-413:12
	package
		ADDED from amaps\RMaps.Free\AndroidManifest.xml:3:5-28
		INJECTED from amaps\RMaps.Free\AndroidManifest.xml
		INJECTED from amaps\RMaps.Free\AndroidManifest.xml
	android:sharedUserLabel
		ADDED from amaps\RMaps.Free\AndroidManifest.xml:6:5-53
	android:sharedUserId
		ADDED from amaps\RMaps.Free\AndroidManifest.xml:5:5-47
	android:versionName
		ADDED from amaps\RMaps.Free\AndroidManifest.xml:8:5-32
		INJECTED from amaps\RMaps.Free\AndroidManifest.xml
		INJECTED from amaps\RMaps.Free\AndroidManifest.xml
	xmlns:android
		ADDED from amaps\RMaps.Free\AndroidManifest.xml:2:11-69
	android:versionCode
		ADDED from amaps\RMaps.Free\AndroidManifest.xml:7:5-31
		INJECTED from amaps\RMaps.Free\AndroidManifest.xml
		INJECTED from amaps\RMaps.Free\AndroidManifest.xml
	android:installLocation
		ADDED from amaps\RMaps.Free\AndroidManifest.xml:4:5-35
uses-sdk
ADDED from amaps\RMaps.Free\AndroidManifest.xml:10:5-47
INJECTED from amaps\RMaps.Free\AndroidManifest.xml:10:5-47
INJECTED from amaps\RMaps.Free\AndroidManifest.xml:10:5-47
MERGED from [:RMaps.AppLib] AndroidManifest.xml:10:5-12:41
MERGED from [:RMaps.AppLib] AndroidManifest.xml:10:5-12:41
MERGED from [:sliding_menu_lib:] AndroidManifest.xml:7:5-9:41
MERGED from [:sliding_menu_lib:] AndroidManifest.xml:7:5-9:41
MERGED from [com.android.support.constraint:constraint-layout:1.1.3] AndroidManifest.xml:5:5-7:41
MERGED from [com.android.support.constraint:constraint-layout:1.1.3] AndroidManifest.xml:5:5-7:41
MERGED from [com.github.zzz40500:android-shapeLoadingView:1.0.3.2] AndroidManifest.xml:7:5-9:41
MERGED from [com.github.zzz40500:android-shapeLoadingView:1.0.3.2] AndroidManifest.xml:7:5-9:41
MERGED from [io.reactivex.rxjava2:rxandroid:2.0.1] AndroidManifest.xml:19:5-43
MERGED from [io.reactivex.rxjava2:rxandroid:2.0.1] AndroidManifest.xml:19:5-43
MERGED from [io.reactivex:rxandroid:1.2.1] AndroidManifest.xml:19:5-43
MERGED from [io.reactivex:rxandroid:1.2.1] AndroidManifest.xml:19:5-43
MERGED from [org.tensorflow:tensorflow-lite:0.0.0-nightly] AndroidManifest.xml:7:5-8:41
MERGED from [org.tensorflow:tensorflow-lite:0.0.0-nightly] AndroidManifest.xml:7:5-8:41
MERGED from [com.android.support:appcompat-v7:27.0.0] AndroidManifest.xml:20:5-44
MERGED from [com.android.support:appcompat-v7:27.0.0] AndroidManifest.xml:20:5-44
MERGED from [com.android.support:multidex:1.0.3] AndroidManifest.xml:20:5-43
MERGED from [com.android.support:multidex:1.0.3] AndroidManifest.xml:20:5-43
MERGED from [com.android.support:support-fragment:27.0.0] AndroidManifest.xml:20:5-44
MERGED from [com.android.support:support-fragment:27.0.0] AndroidManifest.xml:20:5-44
MERGED from [com.android.support:support-core-utils:27.0.0] AndroidManifest.xml:20:5-44
MERGED from [com.android.support:support-core-utils:27.0.0] AndroidManifest.xml:20:5-44
MERGED from [com.android.support:animated-vector-drawable:27.0.0] AndroidManifest.xml:20:5-44
MERGED from [com.android.support:animated-vector-drawable:27.0.0] AndroidManifest.xml:20:5-44
MERGED from [com.android.support:support-vector-drawable:27.0.0] AndroidManifest.xml:20:5-44
MERGED from [com.android.support:support-vector-drawable:27.0.0] AndroidManifest.xml:20:5-44
MERGED from [com.android.support:support-core-ui:27.0.0] AndroidManifest.xml:20:5-44
MERGED from [com.android.support:support-core-ui:27.0.0] AndroidManifest.xml:20:5-44
MERGED from [com.android.support:support-compat:27.0.0] AndroidManifest.xml:20:5-44
MERGED from [com.android.support:support-compat:27.0.0] AndroidManifest.xml:20:5-44
MERGED from [android.arch.lifecycle:runtime:1.0.0] AndroidManifest.xml:20:5-22:41
MERGED from [android.arch.lifecycle:runtime:1.0.0] AndroidManifest.xml:20:5-22:41
INJECTED from amaps\RMaps.Free\AndroidManifest.xml:10:5-47
INJECTED from amaps\RMaps.Free\AndroidManifest.xml:10:5-47
	android:targetSdkVersion
		ADDED from amaps\RMaps.Free\AndroidManifest.xml:10:15-44
		INJECTED from amaps\RMaps.Free\AndroidManifest.xml
		INJECTED from amaps\RMaps.Free\AndroidManifest.xml
	android:minSdkVersion
		INJECTED from amaps\RMaps.Free\AndroidManifest.xml
		ADDED from amaps\RMaps.Free\AndroidManifest.xml:10:5-47
		MERGED from amaps\RMaps.Free\AndroidManifest.xml:10:5-47
		INJECTED from amaps\RMaps.Free\AndroidManifest.xml
uses-permission#android.permission.INTERNET
ADDED from amaps\RMaps.Free\AndroidManifest.xml:12:5-67
MERGED from [:RMaps.AppLib] AndroidManifest.xml:16:5-67
MERGED from [:RMaps.AppLib] AndroidManifest.xml:16:5-67
	android:name
		ADDED from amaps\RMaps.Free\AndroidManifest.xml:12:22-64
uses-permission#android.permission.ACCESS_FINE_LOCATION
ADDED from amaps\RMaps.Free\AndroidManifest.xml:13:5-79
MERGED from [:RMaps.AppLib] AndroidManifest.xml:14:5-79
MERGED from [:RMaps.AppLib] AndroidManifest.xml:14:5-79
	android:name
		ADDED from amaps\RMaps.Free\AndroidManifest.xml:13:22-76
uses-permission#android.permission.ACCESS_COARSE_LOCATION
ADDED from amaps\RMaps.Free\AndroidManifest.xml:14:5-81
MERGED from [:RMaps.AppLib] AndroidManifest.xml:15:5-81
MERGED from [:RMaps.AppLib] AndroidManifest.xml:15:5-81
	android:name
		ADDED from amaps\RMaps.Free\AndroidManifest.xml:14:22-78
uses-permission#android.permission.WRITE_EXTERNAL_STORAGE
ADDED from amaps\RMaps.Free\AndroidManifest.xml:15:5-81
MERGED from [:RMaps.AppLib] AndroidManifest.xml:18:5-81
MERGED from [:RMaps.AppLib] AndroidManifest.xml:18:5-81
	android:name
		ADDED from amaps\RMaps.Free\AndroidManifest.xml:15:22-78
uses-permission#android.permission.BROADCAST_STICKY
ADDED from amaps\RMaps.Free\AndroidManifest.xml:16:5-75
	android:name
		ADDED from amaps\RMaps.Free\AndroidManifest.xml:16:22-72
uses-permission#android.permission.RECORD_AUDIO
ADDED from amaps\RMaps.Free\AndroidManifest.xml:17:5-71
	android:name
		ADDED from amaps\RMaps.Free\AndroidManifest.xml:17:22-68
uses-permission#android.permission.CAMERA
ADDED from amaps\RMaps.Free\AndroidManifest.xml:18:5-65
	android:name
		ADDED from amaps\RMaps.Free\AndroidManifest.xml:18:22-62
uses-permission#android.permission.WAKE_LOCK
ADDED from amaps\RMaps.Free\AndroidManifest.xml:19:5-68
MERGED from [:RMaps.AppLib] AndroidManifest.xml:33:5-68
MERGED from [:RMaps.AppLib] AndroidManifest.xml:33:5-68
	android:name
		ADDED from amaps\RMaps.Free\AndroidManifest.xml:19:22-65
uses-permission#android.permission.BLUETOOTH
ADDED from amaps\RMaps.Free\AndroidManifest.xml:20:5-84
	android:name
		ADDED from amaps\RMaps.Free\AndroidManifest.xml:20:22-65
uses-feature#android.hardware.autofocus
ADDED from amaps\RMaps.Free\AndroidManifest.xml:22:5-63
	android:name
		ADDED from amaps\RMaps.Free\AndroidManifest.xml:22:19-60
uses-feature#android.hardware.camera
ADDED from amaps\RMaps.Free\AndroidManifest.xml:23:5-60
	android:name
		ADDED from amaps\RMaps.Free\AndroidManifest.xml:23:19-57
uses-feature#android.hardware.camera.autofocus
ADDED from amaps\RMaps.Free\AndroidManifest.xml:24:5-70
	android:name
		ADDED from amaps\RMaps.Free\AndroidManifest.xml:24:19-67
uses-permission#android.permission.SYSTEM_ALERT_WINDOW
ADDED from amaps\RMaps.Free\AndroidManifest.xml:26:5-78
MERGED from [:RMaps.AppLib] AndroidManifest.xml:31:5-78
MERGED from [:RMaps.AppLib] AndroidManifest.xml:31:5-78
	android:name
		ADDED from amaps\RMaps.Free\AndroidManifest.xml:26:22-75
uses-permission#android.permission.REQUEST_INSTALL_PACKAGES
ADDED from amaps\RMaps.Free\AndroidManifest.xml:27:5-83
MERGED from [:RMaps.AppLib] AndroidManifest.xml:32:5-83
MERGED from [:RMaps.AppLib] AndroidManifest.xml:32:5-83
	android:name
		ADDED from amaps\RMaps.Free\AndroidManifest.xml:27:22-80
uses-feature#android.hardware.location
ADDED from amaps\RMaps.Free\AndroidManifest.xml:29:5-31:36
MERGED from [:RMaps.AppLib] AndroidManifest.xml:21:5-23:36
MERGED from [:RMaps.AppLib] AndroidManifest.xml:21:5-23:36
	android:required
		ADDED from amaps\RMaps.Free\AndroidManifest.xml:31:9-33
	android:name
		ADDED from amaps\RMaps.Free\AndroidManifest.xml:30:9-49
uses-feature#android.hardware.location.gps
ADDED from amaps\RMaps.Free\AndroidManifest.xml:32:5-34:36
MERGED from [:RMaps.AppLib] AndroidManifest.xml:24:5-26:36
MERGED from [:RMaps.AppLib] AndroidManifest.xml:24:5-26:36
	android:required
		ADDED from amaps\RMaps.Free\AndroidManifest.xml:34:9-33
	android:name
		ADDED from amaps\RMaps.Free\AndroidManifest.xml:33:9-53
uses-feature#android.hardware.location.network
ADDED from amaps\RMaps.Free\AndroidManifest.xml:35:5-37:36
MERGED from [:RMaps.AppLib] AndroidManifest.xml:27:5-29:36
MERGED from [:RMaps.AppLib] AndroidManifest.xml:27:5-29:36
	android:required
		ADDED from amaps\RMaps.Free\AndroidManifest.xml:37:9-33
	android:name
		ADDED from amaps\RMaps.Free\AndroidManifest.xml:36:9-57
supports-screens
ADDED from amaps\RMaps.Free\AndroidManifest.xml:39:5-45:40
MERGED from [:RMaps.AppLib] AndroidManifest.xml:35:5-41:40
MERGED from [:RMaps.AppLib] AndroidManifest.xml:35:5-41:40
	android:largeScreens
		ADDED from amaps\RMaps.Free\AndroidManifest.xml:41:9-36
	android:smallScreens
		ADDED from amaps\RMaps.Free\AndroidManifest.xml:44:9-36
	android:normalScreens
		ADDED from amaps\RMaps.Free\AndroidManifest.xml:42:9-37
	android:xlargeScreens
		ADDED from amaps\RMaps.Free\AndroidManifest.xml:45:9-37
	android:resizeable
		ADDED from amaps\RMaps.Free\AndroidManifest.xml:43:9-34
	android:anyDensity
		ADDED from amaps\RMaps.Free\AndroidManifest.xml:40:9-34
uses-permission#android.permission.READ_PROFILE
ADDED from amaps\RMaps.Free\AndroidManifest.xml:47:5-71
	android:name
		ADDED from amaps\RMaps.Free\AndroidManifest.xml:47:22-68
uses-permission#android.permission.READ_CONTACTS
ADDED from amaps\RMaps.Free\AndroidManifest.xml:48:5-72
	android:name
		ADDED from amaps\RMaps.Free\AndroidManifest.xml:48:22-69
uses-permission#android.permission.READ_EXTERNAL_STORAGE
ADDED from amaps\RMaps.Free\AndroidManifest.xml:49:5-80
	android:name
		ADDED from amaps\RMaps.Free\AndroidManifest.xml:49:22-77
uses-permission#android.permission.READ_CALL_LOG
ADDED from amaps\RMaps.Free\AndroidManifest.xml:50:5-72
	android:name
		ADDED from amaps\RMaps.Free\AndroidManifest.xml:50:22-69
application
ADDED from amaps\RMaps.Free\AndroidManifest.xml:52:5-411:19
MERGED from [:RMaps.AppLib] AndroidManifest.xml:44:5-128:19
MERGED from [:RMaps.AppLib] AndroidManifest.xml:44:5-128:19
MERGED from [com.android.support.constraint:constraint-layout:1.1.3] AndroidManifest.xml:9:5-20
MERGED from [com.android.support.constraint:constraint-layout:1.1.3] AndroidManifest.xml:9:5-20
MERGED from [org.tensorflow:tensorflow-android:1.13.1] AndroidManifest.xml:5:5-6:19
MERGED from [org.tensorflow:tensorflow-android:1.13.1] AndroidManifest.xml:5:5-6:19
MERGED from [org.tensorflow:tensorflow-lite:0.0.0-nightly] AndroidManifest.xml:10:5-20
MERGED from [org.tensorflow:tensorflow-lite:0.0.0-nightly] AndroidManifest.xml:10:5-20
MERGED from [android.arch.lifecycle:runtime:1.0.0] AndroidManifest.xml:24:5-28:19
MERGED from [android.arch.lifecycle:runtime:1.0.0] AndroidManifest.xml:24:5-28:19
	android:label
		ADDED from amaps\RMaps.Free\AndroidManifest.xml:57:9-41
	android:allowClearUserData
		ADDED from amaps\RMaps.Free\AndroidManifest.xml:55:9-43
	android:icon
		ADDED from amaps\RMaps.Free\AndroidManifest.xml:56:9-43
	android:allowBackup
		ADDED from amaps\RMaps.Free\AndroidManifest.xml:54:9-35
	android:theme
		ADDED from amaps\RMaps.Free\AndroidManifest.xml:58:9-68
	android:name
		ADDED from amaps\RMaps.Free\AndroidManifest.xml:53:9-61
activity#com.mtkj.cnpc.activity.VideoActivity
ADDED from amaps\RMaps.Free\AndroidManifest.xml:59:9-69
	android:name
		ADDED from amaps\RMaps.Free\AndroidManifest.xml:59:19-57
activity#com.mtkj.cnpc.activity.SeeCheckActivity
ADDED from amaps\RMaps.Free\AndroidManifest.xml:60:9-63
	android:name
		ADDED from amaps\RMaps.Free\AndroidManifest.xml:60:19-60
activity#com.mtkj.cnpc.activity.SplashActivity
ADDED from amaps\RMaps.Free\AndroidManifest.xml:61:9-69:20
	android:theme
		ADDED from amaps\RMaps.Free\AndroidManifest.xml:63:13-83
	android:name
		ADDED from amaps\RMaps.Free\AndroidManifest.xml:62:13-52
intent-filter#action:name:android.intent.action.MAIN+category:name:android.intent.category.LAUNCHER
ADDED from amaps\RMaps.Free\AndroidManifest.xml:64:13-68:29
action#android.intent.action.MAIN
ADDED from amaps\RMaps.Free\AndroidManifest.xml:65:17-69
	android:name
		ADDED from amaps\RMaps.Free\AndroidManifest.xml:65:25-66
category#android.intent.category.LAUNCHER
ADDED from amaps\RMaps.Free\AndroidManifest.xml:67:17-77
	android:name
		ADDED from amaps\RMaps.Free\AndroidManifest.xml:67:27-74
activity#com.mtkj.cnpc.activity.MainActivity
ADDED from amaps\RMaps.Free\AndroidManifest.xml:70:9-100:20
	android:screenOrientation
		ADDED from amaps\RMaps.Free\AndroidManifest.xml:75:13-49
	android:label
		ADDED from amaps\RMaps.Free\AndroidManifest.xml:73:13-45
	android:launchMode
		ADDED from amaps\RMaps.Free\AndroidManifest.xml:74:13-48
	android:configChanges
		ADDED from amaps\RMaps.Free\AndroidManifest.xml:72:13-74
	android:theme
		ADDED from amaps\RMaps.Free\AndroidManifest.xml:76:13-83
	android:name
		ADDED from amaps\RMaps.Free\AndroidManifest.xml:71:13-50
intent-filter#action:name:android.intent.action.SEARCH+category:name:android.intent.category.DEFAULT
ADDED from amaps\RMaps.Free\AndroidManifest.xml:77:13-81:29
action#android.intent.action.SEARCH
ADDED from amaps\RMaps.Free\AndroidManifest.xml:78:17-71
	android:name
		ADDED from amaps\RMaps.Free\AndroidManifest.xml:78:25-68
category#android.intent.category.DEFAULT
ADDED from amaps\RMaps.Free\AndroidManifest.xml:80:17-76
	android:name
		ADDED from amaps\RMaps.Free\AndroidManifest.xml:80:27-73
meta-data#android.app.searchable
ADDED from amaps\RMaps.Free\AndroidManifest.xml:83:13-85:54
	android:resource
		ADDED from amaps\RMaps.Free\AndroidManifest.xml:85:17-51
	android:name
		ADDED from amaps\RMaps.Free\AndroidManifest.xml:84:17-54
intent-filter#action:name:com.robert.maps.action.SHOW_POINTS+category:name:android.intent.category.DEFAULT
ADDED from amaps\RMaps.Free\AndroidManifest.xml:87:13-91:29
action#com.robert.maps.action.SHOW_POINTS
ADDED from amaps\RMaps.Free\AndroidManifest.xml:88:17-77
	android:name
		ADDED from amaps\RMaps.Free\AndroidManifest.xml:88:25-74
intent-filter#action:name:android.intent.action.VIEW+category:name:android.intent.category.BROWSABLE+category:name:android.intent.category.DEFAULT+data:scheme:geo
ADDED from amaps\RMaps.Free\AndroidManifest.xml:92:13-99:29
action#android.intent.action.VIEW
ADDED from amaps\RMaps.Free\AndroidManifest.xml:93:17-69
	android:name
		ADDED from amaps\RMaps.Free\AndroidManifest.xml:93:25-66
category#android.intent.category.BROWSABLE
ADDED from amaps\RMaps.Free\AndroidManifest.xml:96:17-78
	android:name
		ADDED from amaps\RMaps.Free\AndroidManifest.xml:96:27-75
data
ADDED from amaps\RMaps.Free\AndroidManifest.xml:98:17-46
	android:scheme
		ADDED from amaps\RMaps.Free\AndroidManifest.xml:98:23-43
activity#com.mtkj.cnpc.activity.DrillRecognizeActivity
ADDED from amaps\RMaps.Free\AndroidManifest.xml:101:9-78
	android:name
		ADDED from amaps\RMaps.Free\AndroidManifest.xml:101:19-66
activity#com.mtkj.cnpc.activity.VideoListActivity
ADDED from amaps\RMaps.Free\AndroidManifest.xml:102:9-73
	android:name
		ADDED from amaps\RMaps.Free\AndroidManifest.xml:102:19-61
activity#com.robert.maps.applib.MainPreferences
ADDED from amaps\RMaps.Free\AndroidManifest.xml:103:9-106:70
MERGED from [:RMaps.AppLib] AndroidManifest.xml:70:9-71:20
MERGED from [:RMaps.AppLib] AndroidManifest.xml:70:9-71:20
	android:windowSoftInputMode
		ADDED from amaps\RMaps.Free\AndroidManifest.xml:106:13-67
	android:configChanges
		ADDED from amaps\RMaps.Free\AndroidManifest.xml:105:13-74
	android:name
		ADDED from amaps\RMaps.Free\AndroidManifest.xml:104:13-66
provider#android.support.v4.content.FileProvider
ADDED from amaps\RMaps.Free\AndroidManifest.xml:108:9-116:20
	android:grantUriPermissions
		ADDED from amaps\RMaps.Free\AndroidManifest.xml:112:13-47
	android:authorities
		ADDED from amaps\RMaps.Free\AndroidManifest.xml:110:13-61
	android:exported
		ADDED from amaps\RMaps.Free\AndroidManifest.xml:111:13-37
	android:name
		ADDED from amaps\RMaps.Free\AndroidManifest.xml:109:13-67
meta-data#android.support.FILE_PROVIDER_PATHS
ADDED from amaps\RMaps.Free\AndroidManifest.xml:113:13-115:54
	android:resource
		ADDED from amaps\RMaps.Free\AndroidManifest.xml:115:17-51
	android:name
		ADDED from amaps\RMaps.Free\AndroidManifest.xml:114:17-67
activity#com.robert.maps.applib.kml.PoiActivity
ADDED from amaps\RMaps.Free\AndroidManifest.xml:118:9-121:70
MERGED from [:RMaps.AppLib] AndroidManifest.xml:72:9-75
MERGED from [:RMaps.AppLib] AndroidManifest.xml:72:9-75
	android:windowSoftInputMode
		ADDED from amaps\RMaps.Free\AndroidManifest.xml:121:13-67
	android:configChanges
		ADDED from amaps\RMaps.Free\AndroidManifest.xml:120:13-74
	android:name
		ADDED from amaps\RMaps.Free\AndroidManifest.xml:119:13-66
activity#com.robert.maps.applib.kml.PoiListActivity
ADDED from amaps\RMaps.Free\AndroidManifest.xml:122:9-125:70
MERGED from [:RMaps.AppLib] AndroidManifest.xml:73:9-79
MERGED from [:RMaps.AppLib] AndroidManifest.xml:73:9-79
	android:windowSoftInputMode
		ADDED from amaps\RMaps.Free\AndroidManifest.xml:125:13-67
	android:configChanges
		ADDED from amaps\RMaps.Free\AndroidManifest.xml:124:13-74
	android:name
		ADDED from amaps\RMaps.Free\AndroidManifest.xml:123:13-70
activity#com.robert.maps.applib.kml.TrackListActivity
ADDED from amaps\RMaps.Free\AndroidManifest.xml:126:9-129:70
MERGED from [:RMaps.AppLib] AndroidManifest.xml:74:9-81
MERGED from [:RMaps.AppLib] AndroidManifest.xml:74:9-81
	android:windowSoftInputMode
		ADDED from amaps\RMaps.Free\AndroidManifest.xml:129:13-67
	android:configChanges
		ADDED from amaps\RMaps.Free\AndroidManifest.xml:128:13-74
	android:name
		ADDED from amaps\RMaps.Free\AndroidManifest.xml:127:13-72
activity#com.robert.maps.applib.kml.PoiCategoryActivity
ADDED from amaps\RMaps.Free\AndroidManifest.xml:130:9-133:70
MERGED from [:RMaps.AppLib] AndroidManifest.xml:75:9-76:20
MERGED from [:RMaps.AppLib] AndroidManifest.xml:75:9-76:20
	android:windowSoftInputMode
		ADDED from amaps\RMaps.Free\AndroidManifest.xml:133:13-67
	android:configChanges
		ADDED from amaps\RMaps.Free\AndroidManifest.xml:132:13-74
	android:name
		ADDED from amaps\RMaps.Free\AndroidManifest.xml:131:13-74
activity#com.robert.maps.applib.kml.PoiCategoryListActivity
ADDED from amaps\RMaps.Free\AndroidManifest.xml:134:9-137:70
MERGED from [:RMaps.AppLib] AndroidManifest.xml:77:9-78:20
MERGED from [:RMaps.AppLib] AndroidManifest.xml:77:9-78:20
	android:windowSoftInputMode
		ADDED from amaps\RMaps.Free\AndroidManifest.xml:137:13-67
	android:configChanges
		ADDED from amaps\RMaps.Free\AndroidManifest.xml:136:13-74
	android:name
		ADDED from amaps\RMaps.Free\AndroidManifest.xml:135:13-78
activity#com.robert.maps.applib.kml.PoiIconSetActivity
ADDED from amaps\RMaps.Free\AndroidManifest.xml:138:9-141:70
MERGED from [:RMaps.AppLib] AndroidManifest.xml:79:9-80:20
MERGED from [:RMaps.AppLib] AndroidManifest.xml:79:9-80:20
	android:windowSoftInputMode
		ADDED from amaps\RMaps.Free\AndroidManifest.xml:141:13-67
	android:configChanges
		ADDED from amaps\RMaps.Free\AndroidManifest.xml:140:13-74
	android:name
		ADDED from amaps\RMaps.Free\AndroidManifest.xml:139:13-73
activity#com.robert.maps.applib.kml.ImportPoiActivity
ADDED from amaps\RMaps.Free\AndroidManifest.xml:142:9-145:70
MERGED from [:RMaps.AppLib] AndroidManifest.xml:81:9-81
MERGED from [:RMaps.AppLib] AndroidManifest.xml:81:9-81
	android:windowSoftInputMode
		ADDED from amaps\RMaps.Free\AndroidManifest.xml:145:13-67
	android:configChanges
		ADDED from amaps\RMaps.Free\AndroidManifest.xml:144:13-74
	android:name
		ADDED from amaps\RMaps.Free\AndroidManifest.xml:143:13-72
activity#com.robert.maps.applib.kml.ImportTrackActivity
ADDED from amaps\RMaps.Free\AndroidManifest.xml:146:9-149:70
MERGED from [:RMaps.AppLib] AndroidManifest.xml:82:9-83:20
MERGED from [:RMaps.AppLib] AndroidManifest.xml:82:9-83:20
	android:windowSoftInputMode
		ADDED from amaps\RMaps.Free\AndroidManifest.xml:149:13-67
	android:configChanges
		ADDED from amaps\RMaps.Free\AndroidManifest.xml:148:13-74
	android:name
		ADDED from amaps\RMaps.Free\AndroidManifest.xml:147:13-74
activity#com.robert.maps.applib.kml.TrackActivity
ADDED from amaps\RMaps.Free\AndroidManifest.xml:150:9-153:70
MERGED from [:RMaps.AppLib] AndroidManifest.xml:84:9-85:20
MERGED from [:RMaps.AppLib] AndroidManifest.xml:84:9-85:20
	android:windowSoftInputMode
		ADDED from amaps\RMaps.Free\AndroidManifest.xml:153:13-67
	android:configChanges
		ADDED from amaps\RMaps.Free\AndroidManifest.xml:152:13-74
	android:name
		ADDED from amaps\RMaps.Free\AndroidManifest.xml:151:13-68
activity#com.robert.maps.applib.kml.TrackStatActivity
ADDED from amaps\RMaps.Free\AndroidManifest.xml:154:9-157:70
MERGED from [:RMaps.AppLib] AndroidManifest.xml:86:9-87:20
MERGED from [:RMaps.AppLib] AndroidManifest.xml:86:9-87:20
	android:windowSoftInputMode
		ADDED from amaps\RMaps.Free\AndroidManifest.xml:157:13-67
	android:configChanges
		ADDED from amaps\RMaps.Free\AndroidManifest.xml:156:13-74
	android:name
		ADDED from amaps\RMaps.Free\AndroidManifest.xml:155:13-72
activity#com.robert.maps.applib.kml.RouteListActivity
ADDED from amaps\RMaps.Free\AndroidManifest.xml:158:9-161:70
MERGED from [:RMaps.AppLib] AndroidManifest.xml:88:9-89:20
MERGED from [:RMaps.AppLib] AndroidManifest.xml:88:9-89:20
	android:windowSoftInputMode
		ADDED from amaps\RMaps.Free\AndroidManifest.xml:161:13-67
	android:configChanges
		ADDED from amaps\RMaps.Free\AndroidManifest.xml:160:13-74
	android:name
		ADDED from amaps\RMaps.Free\AndroidManifest.xml:159:13-72
activity#com.robert.maps.applib.kml.OutmapActivity
ADDED from amaps\RMaps.Free\AndroidManifest.xml:162:9-165:70
	android:windowSoftInputMode
		ADDED from amaps\RMaps.Free\AndroidManifest.xml:165:13-67
	android:configChanges
		ADDED from amaps\RMaps.Free\AndroidManifest.xml:164:13-74
	android:name
		ADDED from amaps\RMaps.Free\AndroidManifest.xml:163:13-69
service#com.robert.maps.applib.trackwriter.TrackWriterService
ADDED from amaps\RMaps.Free\AndroidManifest.xml:167:9-175:19
MERGED from [:RMaps.AppLib] AndroidManifest.xml:91:9-99:19
MERGED from [:RMaps.AppLib] AndroidManifest.xml:91:9-99:19
	android:process
		ADDED from amaps\RMaps.Free\AndroidManifest.xml:170:13-43
	android:icon
		ADDED from amaps\RMaps.Free\AndroidManifest.xml:169:13-58
	android:name
		ADDED from amaps\RMaps.Free\AndroidManifest.xml:168:13-81
intent-filter#action:name:com.robert.maps.applib.trackwriter.IRemoteService+action:name:com.robert.maps.trackwriter
ADDED from amaps\RMaps.Free\AndroidManifest.xml:171:13-174:29
action#com.robert.maps.trackwriter
ADDED from amaps\RMaps.Free\AndroidManifest.xml:172:17-70
	android:name
		ADDED from amaps\RMaps.Free\AndroidManifest.xml:172:25-67
action#com.robert.maps.applib.trackwriter.IRemoteService
ADDED from amaps\RMaps.Free\AndroidManifest.xml:173:17-92
	android:name
		ADDED from amaps\RMaps.Free\AndroidManifest.xml:173:25-89
activity#org.openintents.filemanager.FileManagerActivity
ADDED from amaps\RMaps.Free\AndroidManifest.xml:177:9-180:70
MERGED from [:RMaps.AppLib] AndroidManifest.xml:101:9-102:20
MERGED from [:RMaps.AppLib] AndroidManifest.xml:101:9-102:20
	android:windowSoftInputMode
		ADDED from amaps\RMaps.Free\AndroidManifest.xml:180:13-67
	android:configChanges
		ADDED from amaps\RMaps.Free\AndroidManifest.xml:179:13-74
	android:name
		ADDED from amaps\RMaps.Free\AndroidManifest.xml:178:13-75
activity#com.robert.maps.applib.downloader.AreaSelectorActivity
ADDED from amaps\RMaps.Free\AndroidManifest.xml:181:9-185:70
MERGED from [:RMaps.AppLib] AndroidManifest.xml:103:9-106:20
MERGED from [:RMaps.AppLib] AndroidManifest.xml:103:9-106:20
	android:launchMode
		ADDED from amaps\RMaps.Free\AndroidManifest.xml:184:13-48
	android:windowSoftInputMode
		ADDED from amaps\RMaps.Free\AndroidManifest.xml:185:13-67
	android:configChanges
		ADDED from amaps\RMaps.Free\AndroidManifest.xml:183:13-74
	android:name
		ADDED from amaps\RMaps.Free\AndroidManifest.xml:182:13-82
service#com.robert.maps.applib.downloader.MapDownloaderService
ADDED from amaps\RMaps.Free\AndroidManifest.xml:187:9-195:19
MERGED from [:RMaps.AppLib] AndroidManifest.xml:108:9-116:19
MERGED from [:RMaps.AppLib] AndroidManifest.xml:108:9-116:19
	android:process
		ADDED from amaps\RMaps.Free\AndroidManifest.xml:190:13-45
	android:icon
		ADDED from amaps\RMaps.Free\AndroidManifest.xml:189:13-58
	android:name
		ADDED from amaps\RMaps.Free\AndroidManifest.xml:188:13-82
intent-filter#action:name:com.robert.maps.applib.downloader.IRemoteService+action:name:com.robert.maps.mapdownloader
ADDED from amaps\RMaps.Free\AndroidManifest.xml:191:13-194:29
action#com.robert.maps.mapdownloader
ADDED from amaps\RMaps.Free\AndroidManifest.xml:192:17-72
	android:name
		ADDED from amaps\RMaps.Free\AndroidManifest.xml:192:25-69
action#com.robert.maps.applib.downloader.IRemoteService
ADDED from amaps\RMaps.Free\AndroidManifest.xml:193:17-91
	android:name
		ADDED from amaps\RMaps.Free\AndroidManifest.xml:193:25-88
activity#com.robert.maps.applib.downloader.DownloaderActivity
ADDED from amaps\RMaps.Free\AndroidManifest.xml:197:9-200:70
MERGED from [:RMaps.AppLib] AndroidManifest.xml:118:9-119:20
MERGED from [:RMaps.AppLib] AndroidManifest.xml:118:9-119:20
	android:windowSoftInputMode
		ADDED from amaps\RMaps.Free\AndroidManifest.xml:200:13-67
	android:configChanges
		ADDED from amaps\RMaps.Free\AndroidManifest.xml:199:13-74
	android:name
		ADDED from amaps\RMaps.Free\AndroidManifest.xml:198:13-80
activity#com.robert.maps.applib.preference.MixedMapsPreference
ADDED from amaps\RMaps.Free\AndroidManifest.xml:201:9-204:70
MERGED from [:RMaps.AppLib] AndroidManifest.xml:120:9-121:20
MERGED from [:RMaps.AppLib] AndroidManifest.xml:120:9-121:20
	android:windowSoftInputMode
		ADDED from amaps\RMaps.Free\AndroidManifest.xml:204:13-67
	android:configChanges
		ADDED from amaps\RMaps.Free\AndroidManifest.xml:203:13-74
	android:name
		ADDED from amaps\RMaps.Free\AndroidManifest.xml:202:13-81
activity#com.robert.maps.applib.preference.PredefMapsPrefActivity
ADDED from amaps\RMaps.Free\AndroidManifest.xml:205:9-208:70
MERGED from [:RMaps.AppLib] AndroidManifest.xml:123:9-93
MERGED from [:RMaps.AppLib] AndroidManifest.xml:123:9-93
	android:windowSoftInputMode
		ADDED from amaps\RMaps.Free\AndroidManifest.xml:208:13-67
	android:configChanges
		ADDED from amaps\RMaps.Free\AndroidManifest.xml:207:13-74
	android:name
		ADDED from amaps\RMaps.Free\AndroidManifest.xml:206:13-84
activity#com.robert.maps.applib.preference.UserMapsPrefActivity
ADDED from amaps\RMaps.Free\AndroidManifest.xml:209:9-212:70
MERGED from [:RMaps.AppLib] AndroidManifest.xml:122:9-91
MERGED from [:RMaps.AppLib] AndroidManifest.xml:122:9-91
	android:windowSoftInputMode
		ADDED from amaps\RMaps.Free\AndroidManifest.xml:212:13-67
	android:configChanges
		ADDED from amaps\RMaps.Free\AndroidManifest.xml:211:13-74
	android:name
		ADDED from amaps\RMaps.Free\AndroidManifest.xml:210:13-82
activity#com.robert.maps.applib.preference.CustomMapsPrefActivity
ADDED from amaps\RMaps.Free\AndroidManifest.xml:213:9-216:70
MERGED from [:RMaps.AppLib] AndroidManifest.xml:124:9-93
MERGED from [:RMaps.AppLib] AndroidManifest.xml:124:9-93
	android:windowSoftInputMode
		ADDED from amaps\RMaps.Free\AndroidManifest.xml:216:13-67
	android:configChanges
		ADDED from amaps\RMaps.Free\AndroidManifest.xml:215:13-74
	android:name
		ADDED from amaps\RMaps.Free\AndroidManifest.xml:214:13-84
activity#com.robert.maps.applib.preference.PairMapsPrefActivity
ADDED from amaps\RMaps.Free\AndroidManifest.xml:217:9-220:70
MERGED from [:RMaps.AppLib] AndroidManifest.xml:125:9-91
MERGED from [:RMaps.AppLib] AndroidManifest.xml:125:9-91
	android:windowSoftInputMode
		ADDED from amaps\RMaps.Free\AndroidManifest.xml:220:13-67
	android:configChanges
		ADDED from amaps\RMaps.Free\AndroidManifest.xml:219:13-74
	android:name
		ADDED from amaps\RMaps.Free\AndroidManifest.xml:218:13-82
activity#com.robert.maps.applib.preference.OffsetActivity
ADDED from amaps\RMaps.Free\AndroidManifest.xml:221:9-225:70